[2017-01-26 22:05] [PACMAN] Running '/usr/sbin/pacman -Syyuu'
[2017-01-26 22:05] [PACMAN] synchronizing package lists
[2017-01-26 22:15] [PACMAN] Running '/usr/sbin/pacman -Syyuu'
[2017-01-26 22:15] [PACMAN] synchronizing package lists
[2017-01-26 22:22] [PACMAN] Running '/usr/sbin/pacman -Syu'
[2017-01-26 22:22] [PACMAN] synchronizing package lists
[2017-01-26 22:26] [PACMAN] Running '/usr/sbin/pacman -Syyuu'
[2017-01-26 22:26] [PACMAN] synchronizing package lists
[2017-01-26 22:26] [PACMAN] starting full system upgrade
[2017-01-27 00:33] [PACMAN] Running '/usr/bin/pacman -Syu'
[2017-01-27 00:33] [PACMAN] synchronizing package lists
[2017-01-27 00:33] [PACMAN] starting full system upgrade
[2017-01-27 00:33] [ALPM] transaction started
[2017-01-27 00:33] [ALPM] upgraded gcc-libs (6.2.1-1 -> 6.3.1-1)
[2017-01-27 00:33] [ALPM] upgraded bash (4.4.005-2 -> 4.4.011-2)
[2017-01-27 00:33] [ALPM] upgraded libgcrypt (1.7.5-1 -> 1.7.6-1)
[2017-01-27 00:33] [ALPM] upgraded lz4 (1:1.7.4.2-1 -> 1:1.7.5-1)
[2017-01-27 00:33] [ALPM] upgraded libsystemd (232-6 -> 232-7)
[2017-01-27 00:33] [ALPM] upgraded zlib (1:1.2.8-7 -> 1:1.2.11-1)
[2017-01-27 00:33] [ALPM] upgraded libelf (0.167-1 -> 0.168-1)
[2017-01-27 00:33] [ALPM] upgraded libutil-linux (2.28.2-2 -> 2.29-2)
[2017-01-27 00:33] [ALPM] upgraded perl (5.24.0-2 -> 5.24.1-1)
[2017-01-27 00:33] [ALPM] upgraded libldap (2.4.44-2 -> 2.4.44-3)
[2017-01-27 00:33] [ALPM] upgraded gmp (6.1.1-1 -> 6.1.2-1)
[2017-01-27 00:33] [ALPM] upgraded util-linux (2.28.2-2 -> 2.29-2)
[2017-01-27 00:33] [ALPM] upgraded systemd (232-6 -> 232-7)
[2017-01-27 00:33] [ALPM] upgraded dhcpcd (6.11.3-1 -> 6.11.5-1)
[2017-01-27 00:33] [ALPM] upgraded libtasn1 (4.9-2 -> 4.10-1)
[2017-01-27 00:33] [ALPM] upgraded gnutls (3.4.17-1 -> 3.5.8-2)
[2017-01-27 00:33] [ALPM] upgraded sqlite (3.15.2-1 -> 3.16.2-1)
[2017-01-27 00:33] [ALPM] upgraded gnupg (2.1.17-3 -> 2.1.18-1)
[2017-01-27 00:33] [ALPM] upgraded ldns (1.6.17-4 -> 1.7.0-2)
[2017-01-27 00:33] [ALPM] upgraded libarchive (3.2.2-1 -> 3.2.2-2)
[2017-01-27 00:34] [ALPM] upgraded mpfr (3.1.5-1 -> 3.1.5.p2-1)
[2017-01-27 00:34] [ALPM] upgraded linux-armv7 (4.9.0-1 -> 4.9.5-1)
[2017-01-27 00:34] [ALPM-SCRIPTLET] >>> Updating module dependencies. Please wait ...
[2017-01-27 00:34] [ALPM] upgraded nano (2.7.3-1 -> 2.7.4-1)
[2017-01-27 00:34] [ALPM] upgraded openssh (7.4p1-1 -> 7.4p1-2)
[2017-01-27 00:34] [ALPM] upgraded pacman-mirrorlist (20161021-1 -> 20170124-1)
[2017-01-27 00:34] [ALPM] upgraded s-nail (14.8.14-1 -> 14.8.15-1)
[2017-01-27 00:34] [ALPM] upgraded sed (4.2.2-4 -> 4.3-1)
[2017-01-27 00:34] [ALPM] upgraded systemd-sysvcompat (232-6 -> 232-7)
[2017-01-27 00:34] [ALPM] transaction completed
[2017-01-27 00:34] [ALPM] running 'systemd-sysusers.hook'...
[2017-01-27 00:34] [ALPM] running 'systemd-tmpfiles.hook'...
[2017-01-27 00:34] [ALPM-SCRIPTLET] Unsupported ioctl: cmd=0xffffffff80046601
[2017-01-27 00:34] [ALPM-SCRIPTLET] Cannot set file attribute for '/var/log/journal', value=0x00800000, mask=0x00800000: Function not implemented
[2017-01-27 00:34] [ALPM-SCRIPTLET] Unsupported ioctl: cmd=0xffffffff80046601
[2017-01-27 00:34] [ALPM-SCRIPTLET] Cannot set file attribute for '/var/log/journal/remote', value=0x00800000, mask=0x00800000: Function not implemented
[2017-01-27 00:34] [ALPM] running 'texinfo-install.hook'...
[2017-01-27 00:34] [ALPM] running 'udev-hwdb.hook'...
[2017-01-27 00:35] [PACMAN] Running '/usr/bin/pacman -S sysvinit'
[2017-01-27 00:35] [PACMAN] Running '/usr/bin/pacman -S yaourt'
[2017-01-27 00:36] [PACMAN] Running '/usr/bin/pacman -S vim tmux git build-essential'
[2017-01-27 00:36] [PACMAN] Running '/usr/bin/pacman -S vim tmux git base-devel'
[2017-01-27 00:36] [ALPM] transaction started
[2017-01-27 00:36] [ALPM] installed vim-runtime (8.0.0237-1)
[2017-01-27 00:36] [ALPM] installed gpm (1.20.7-7)
[2017-01-27 00:36] [ALPM] installed vim (8.0.0237-1)
[2017-01-27 00:36] [ALPM] installed libevent (2.0.22-2)
[2017-01-27 00:36] [ALPM] installed libutempter (1.1.6-2)
[2017-01-27 00:36] [ALPM] installed tmux (2.3-1)
[2017-01-27 00:36] [ALPM] installed perl-error (0.17024-1)
[2017-01-27 00:36] [ALPM] reinstalled findutils (4.6.0-2)
[2017-01-27 00:36] [ALPM] installed git (2.11.0-2)
[2017-01-27 00:37] [ALPM] reinstalled gawk (4.1.4-2)
[2017-01-27 00:37] [ALPM] installed m4 (1.4.18-1)
[2017-01-27 00:37] [ALPM] installed autoconf (2.69-4)
[2017-01-27 00:37] [ALPM] installed automake (1.15-2)
[2017-01-27 00:37] [ALPM] installed binutils (2.27-1)
[2017-01-27 00:37] [ALPM] installed bison (3.0.4-2)
[2017-01-27 00:37] [ALPM] reinstalled sed (4.3-1)
[2017-01-27 00:37] [ALPM] reinstalled util-linux (2.29-2)
[2017-01-27 00:37] [ALPM] installed fakeroot (1.21-2)
[2017-01-27 00:37] [ALPM] reinstalled file (5.29-1)
[2017-01-27 00:37] [ALPM] installed flex (2.6.3-1)
[2017-01-27 00:37] [ALPM] installed libmpc (1.0.3-2)
[2017-01-27 00:37] [ALPM] installed gcc (6.3.1-1)
[2017-01-27 00:37] [ALPM] reinstalled gettext (0.19.8.1-2)
[2017-01-27 00:37] [ALPM] reinstalled grep (2.27-1)
[2017-01-27 00:37] [ALPM] reinstalled groff (1.22.3-7)
[2017-01-27 00:37] [ALPM] reinstalled gzip (1.8-2)
[2017-01-27 00:37] [ALPM] installed libtool (2.4.6-7)
[2017-01-27 00:37] [ALPM] reinstalled texinfo (6.3-1)
[2017-01-27 00:37] [ALPM] installed libatomic_ops (7.4.4-1)
[2017-01-27 00:37] [ALPM] installed gc (7.6.0-1)
[2017-01-27 00:37] [ALPM] installed guile (2.0.13-2)
[2017-01-27 00:37] [ALPM] installed make (4.2.1-1)
[2017-01-27 00:37] [ALPM] reinstalled pacman (5.0.1-4)
[2017-01-27 00:37] [ALPM] installed patch (2.7.5-1)
[2017-01-27 00:37] [ALPM] installed pkg-config (0.29.1-2)
[2017-01-27 00:37] [ALPM] installed sudo (1.8.19.p2-1)
[2017-01-27 00:37] [ALPM] reinstalled which (2.21-2)
[2017-01-27 00:37] [ALPM] transaction completed
[2017-01-27 00:37] [ALPM] running 'systemd-tmpfiles.hook'...
[2017-01-27 00:37] [ALPM] running 'texinfo-install.hook'...
[2017-01-27 00:38] [PACMAN] Running '/usr/bin/pacman -S --needed base-devel git wget yajl'
[2017-01-27 00:39] [PACMAN] Running '/usr/bin/pacman -Sy yaourt'
[2017-01-27 00:39] [PACMAN] synchronizing package lists
[2017-01-27 00:39] [PACMAN] Running '/usr/bin/pacman -Syyuu'
[2017-01-27 00:39] [PACMAN] synchronizing package lists
[2017-01-27 00:39] [PACMAN] starting full system upgrade
[2017-01-27 00:41] [PACMAN] Running '/usr/bin/pacman -S wget curl'
[2017-01-27 00:42] [ALPM] transaction started
[2017-01-27 00:42] [ALPM] installed wget (1.18-3)
[2017-01-27 00:42] [ALPM] reinstalled curl (7.52.1-2)
[2017-01-27 00:42] [ALPM] transaction completed
[2017-01-27 00:42] [ALPM] running 'texinfo-install.hook'...
[2017-01-27 00:46] [PACMAN] Running '/usr/bin/pacman -S package-query'
[2017-01-27 00:50] [PACMAN] Running '/usr/bin/pacman -S yajl'
[2017-01-27 00:50] [ALPM] transaction started
[2017-01-27 00:50] [ALPM] installed yajl (2.1.0-1)
[2017-01-27 00:50] [ALPM] transaction completed
[2017-01-27 00:53] [PACMAN] Running '/usr/bin/pacman -U package-query-1.8-2-armv7h.pkg.tar.xz'
[2017-01-27 00:53] [ALPM] transaction started
[2017-01-27 00:53] [ALPM] installed package-query (1.8-2)
[2017-01-27 00:53] [ALPM] transaction completed
[2017-01-27 00:54] [PACMAN] Running '/usr/bin/pacman -U yaourt-1.8.1.tar.xz'
[2017-01-27 00:54] [PACMAN] Running '/usr/bin/pacman -U yaourt-1.8.1-1-any.pkg.tar.xz'
[2017-01-27 00:54] [ALPM] transaction started
[2017-01-27 00:54] [ALPM] installed yaourt (1.8.1-1)
[2017-01-27 00:54] [ALPM] transaction completed
[2017-01-27 00:59] [PACMAN] Running '/usr/bin/pacman -U sysvinit-2.88-15-armv7h.pkg.tar.xz'
[2017-01-27 01:00] [ALPM] transaction started
[2017-01-27 01:00] [ALPM] removed systemd-sysvcompat (232-7)
[2017-01-27 01:00] [ALPM] installed sysvinit (2.88-15)
[2017-01-27 01:00] [ALPM] transaction completed
[2017-01-27 02:03] [PACMAN] Running '/usr/sbin/pacman -S asciidoc'
[2017-01-27 02:03] [ALPM] transaction started
[2017-01-27 02:03] [ALPM] installed python2 (2.7.13-1)
[2017-01-27 02:03] [ALPM] installed libxml2 (2.9.4+12+ge905f081-5)
[2017-01-27 02:03] [ALPM] installed libxslt (1.1.29+23+geb1030d-1)
[2017-01-27 02:03] [ALPM] installed docbook-xml (4.5-6)
[2017-01-27 02:03] [ALPM] installed docbook-xsl (1.79.1-2)
[2017-01-27 02:03] [ALPM] installed asciidoc (8.6.9-3)
[2017-01-27 02:03] [ALPM] transaction completed
[2017-01-27 02:04] [PACMAN] Running '/usr/sbin/pacman -U initscripts-fork-2014.09.1-1-any.pkg.tar.xz'
[2017-01-27 02:04] [ALPM] transaction started
[2017-01-27 02:04] [ALPM] installed initscripts-fork (2014.09.1-1)
[2017-01-27 02:04] [ALPM-SCRIPTLET] ----
[2017-01-27 02:04] [ALPM-SCRIPTLET] > All localization parameters, network and kernel modules settings has been
[2017-01-27 02:04] [ALPM-SCRIPTLET] > moved to rc.conf. Systemd configs (such as vconsole.conf) is still supports
[2017-01-27 02:04] [ALPM-SCRIPTLET] > but is not recommended.
[2017-01-27 02:04] [ALPM-SCRIPTLET] 
[2017-01-27 02:04] [ALPM-SCRIPTLET] > Please note that now rc.conf overrides systemd configs. If you want keep
[2017-01-27 02:04] [ALPM-SCRIPTLET] > using systemd configs, just leave the corresponding parameter in rc.conf
[2017-01-27 02:04] [ALPM-SCRIPTLET] > commented out.
[2017-01-27 02:04] [ALPM-SCRIPTLET] ----
[2017-01-27 02:04] [ALPM-SCRIPTLET] ----
[2017-01-27 02:04] [ALPM-SCRIPTLET] > You can find all missed scripts and config files on https://bitbucket.org/TZ86/arch-rcscripts
[2017-01-27 02:04] [ALPM-SCRIPTLET] ----
[2017-01-27 02:04] [ALPM] transaction completed
[2017-01-27 02:04] [ALPM] running 'systemd-tmpfiles.hook'...
[2017-01-27 02:29] [PACMAN] Running '/usr/sbin/pacman -S iwscanner'
[2017-01-27 03:09] [PACMAN] Running '/usr/sbin/pacman -S arch-rcscripts'
[2017-01-27 03:09] [PACMAN] Running '/usr/sbin/pacman -S arch-rcscripts'
[2017-01-28 06:04] [PACMAN] Running '/usr/sbin/pacman -S dialog'
[2017-01-28 06:04] [ALPM] transaction started
[2017-01-28 06:04] [ALPM] installed dialog (1:1.3_20160828-1)
[2017-01-28 06:04] [ALPM] transaction completed
[2017-01-28 06:07] [PACMAN] Running '/usr/sbin/pacman -S wpa_supplicant'
[2017-01-28 06:07] [ALPM] transaction started
[2017-01-28 06:07] [ALPM] installed libnl (3.2.29-1)
[2017-01-28 06:07] [ALPM] installed wpa_supplicant (1:2.6-4)
[2017-01-28 06:07] [ALPM] transaction completed
[2017-01-28 06:29] [PACMAN] Running '/usr/sbin/pacman -S initscripts'
[2017-01-28 07:03] [PACMAN] Running '/usr/sbin/pacman -S dhclient'
[2017-01-28 07:03] [ALPM] transaction started
[2017-01-28 07:03] [ALPM] installed dhclient (4.3.5-1)
[2017-01-28 07:03] [ALPM] transaction completed
[2017-01-28 07:12] [PACMAN] Running '/usr/sbin/pacman -S tcpdump'
[2017-01-28 07:12] [ALPM] transaction started
[2017-01-28 07:12] [ALPM] installed libpcap (1.8.1-2)
[2017-01-28 07:12] [ALPM] installed tcpdump (4.8.1-1)
[2017-01-28 07:12] [ALPM] transaction completed
[2017-01-30 14:08] [PACMAN] Running '/usr/sbin/pacman -S minicom screen'
[2017-01-30 14:08] [ALPM] transaction started
[2017-01-30 14:08] [ALPM] installed minicom (2.7-2)
[2017-01-30 14:08] [ALPM] installed screen (4.5.0-2)
[2017-01-30 14:08] [ALPM] transaction completed
[2017-01-30 14:08] [ALPM] running 'systemd-tmpfiles.hook'...
[2017-01-30 14:08] [ALPM] running 'texinfo-install.hook'...
